<?xml version="1.0" encoding="UTF-8"?>
<testng-results ignored="0" total="6" passed="6" failed="0" skipped="0">
  <reporter-output>
  </reporter-output>
  <suite started-at="2023-06-05T22:15:06 EDT" name="Default suite" finished-at="2023-06-05T22:15:11 EDT" duration-ms="5024">
    <groups>
    </groups>
    <test started-at="2023-06-05T22:15:06 EDT" name="Default test" finished-at="2023-06-05T22:15:11 EDT" duration-ms="5024">
      <class name="tests.PutPatchDeleteExamples">
        <test-method signature="DeleteRequest()[pri:0, instance:tests.PutPatchDeleteExamples@4659191b]" started-at="2023-06-05T22:15:06 EDT" name="DeleteRequest" finished-at="2023-06-05T22:15:08 EDT" duration-ms="2726" status="PASS">
          <reporter-output>
          </reporter-output>
        </test-method> <!-- DeleteRequest -->
      </class> <!-- tests.PutPatchDeleteExamples -->
      <class name="tests.TestExamples">
        <test-method signature="test_1()[pri:0, instance:tests.TestExamples@73e9cf30]" started-at="2023-06-05T22:15:08 EDT" name="test_1" finished-at="2023-06-05T22:15:09 EDT" duration-ms="244" status="PASS">
          <reporter-output>
          </reporter-output>
        </test-method> <!-- test_1 -->
        <test-method signature="test_2()[pri:0, instance:tests.TestExamples@73e9cf30]" started-at="2023-06-05T22:15:09 EDT" name="test_2" finished-at="2023-06-05T22:15:10 EDT" duration-ms="1270" status="PASS">
          <reporter-output>
          </reporter-output>
        </test-method> <!-- test_2 -->
      </class> <!-- tests.TestExamples -->
      <class name="tests.GetAndPostRequest">
        <test-method signature="testGet()[pri:0, instance:tests.GetAndPostRequest@771a660]" started-at="2023-06-05T22:15:10 EDT" name="testGet" finished-at="2023-06-05T22:15:10 EDT" duration-ms="276" status="PASS">
          <reporter-output>
          </reporter-output>
        </test-method> <!-- testGet -->
        <test-method signature="testPostUsingJson()[pri:0, instance:tests.GetAndPostRequest@771a660]" started-at="2023-06-05T22:15:10 EDT" name="testPostUsingJson" finished-at="2023-06-05T22:15:11 EDT" duration-ms="399" status="PASS">
          <reporter-output>
          </reporter-output>
        </test-method> <!-- testPostUsingJson -->
        <test-method signature="testPostusingMap()[pri:0, instance:tests.GetAndPostRequest@771a660]" started-at="2023-06-05T22:15:11 EDT" name="testPostusingMap" finished-at="2023-06-05T22:15:11 EDT" duration-ms="1" status="PASS">
          <reporter-output>
          </reporter-output>
        </test-method> <!-- testPostusingMap -->
      </class> <!-- tests.GetAndPostRequest -->
    </test> <!-- Default test -->
  </suite> <!-- Default suite -->
</testng-results>
