<?xml version="1.0" encoding="UTF-8"?>
<!-- Generated by org.testng.reporters.JUnitXMLReporter -->
<testsuite ignored="0" hostname="DESKTOP-SNK2VRI" failures="0" tests="6" name="Default test" time="5.024" errors="0" timestamp="2023-06-05T22:15:11 EDT">
  <testcase classname="tests.PutPatchDeleteExamples" name="DeleteRequest" time="2.726"/>
  <testcase classname="tests.TestExamples" name="test_1" time="0.244"/>
  <testcase classname="tests.TestExamples" name="test_2" time="1.27"/>
  <testcase classname="tests.GetAndPostRequest" name="testGet" time="0.276"/>
  <testcase classname="tests.GetAndPostRequest" name="testPostUsingJson" time="0.399"/>
  <testcase classname="tests.GetAndPostRequest" name="testPostusingMap" time="0.001"/>
</testsuite> <!-- Default test -->
